<?xml version="1.0" encoding="UTF-8"?>
<testsuites name="TestSuite-1" time="6.739" tests="4" failures="0" errors="0">
   <testsuite name="TestSuite-1" tests="4" failures="0" errors="0" time="6.739" skipped="0" timestamp="2023-07-15 12:05:02" hostname="USER - DESKTOP-CV682CL" id="Test Suites/TestSuite-1">
      <properties>
         <property name="deviceName" value=""/>
         <property name="devicePlatform" value=""/>
         <property name="logFolder" value="C:\\Users\\USER\\git\\AssignmentQA-Task1\\Reports\\20230715_120459\\TestSuite-1\\20230715_120459"/>
         <property name="logFiles" value="C:\\Users\\USER\\git\\AssignmentQA-Task1\\Reports\\20230715_120459\\TestSuite-1\\20230715_120459\\execution0.log"/>
         <property name="attachments" value=""/>
         <property name="hostName" value="USER - DESKTOP-CV682CL"/>
         <property name="hostAddress" value="10.10.1.63"/>
         <property name="os" value="Windows 10 64bit"/>
         <property name="katalonVersion" value="8.6.5.208"/>
      </properties>
      <testcase name="Test Cases/TC01-GET ListUser" time="3.285" classname="Test Cases/TC01-GET ListUser" status="PASSED">
         <system-out><![CDATA[2023-07-15 12:05:02 - [TEST_CASE][PASSED] - Test Cases/TC01-GET ListUser: Test Cases/TC01-GET ListUser

2023-07-15 12:05:02 - [TEST_STEP][PASSED] - response = sendRequest(findTestObject("GET/GET-ListUsers")): Send request successfully

2023-07-15 12:05:05 - [MESSAGE][INFO] - HAR: C:\Users\USER\git\AssignmentQA-Task1\Reports\20230715_120459\TestSuite-1\20230715_120459\requests\main\0.har

2023-07-15 12:05:05 - [MESSAGE][PASSED] - Send request successfully

2023-07-15 12:05:05 - [TEST_STEP][PASSED] - verifyResponseStatusCode(response, 200): Verify response status code successfully

2023-07-15 12:05:05 - [MESSAGE][PASSED] - Verify response status code successfully

2023-07-15 12:05:05 - [TEST_STEP][PASSED] - verifyElementsCount(response, "data.first_name", 6): Verify element count successfully

2023-07-15 12:05:05 - [MESSAGE][PASSED] - Verify element count successfully

2023-07-15 12:05:05 - [TEST_STEP][PASSED] - verifyElementPropertyValue(response, "data[5].first_name", "Tracey"): Verify element property value successfully

2023-07-15 12:05:05 - [MESSAGE][PASSED] - Verify element property value successfully]]></system-out>
         <system-err><![CDATA[]]></system-err>
      </testcase>
      <testcase name="Test Cases/TC02-GET SingleUser" time="1.183" classname="Test Cases/TC02-GET SingleUser" status="PASSED">
         <system-out><![CDATA[2023-07-15 12:05:05 - [TEST_CASE][PASSED] - Test Cases/TC02-GET SingleUser: Test Cases/TC02-GET SingleUser

2023-07-15 12:05:05 - [TEST_STEP][PASSED] - response = sendRequest(findTestObject("GET/GET-SingleUser")): Send request successfully

2023-07-15 12:05:06 - [MESSAGE][INFO] - HAR: C:\Users\USER\git\AssignmentQA-Task1\Reports\20230715_120459\TestSuite-1\20230715_120459\requests\main\1.har

2023-07-15 12:05:06 - [MESSAGE][PASSED] - Send request successfully

2023-07-15 12:05:06 - [TEST_STEP][PASSED] - verifyResponseStatusCode(response, 200): Verify response status code successfully

2023-07-15 12:05:06 - [MESSAGE][PASSED] - Verify response status code successfully

2023-07-15 12:05:06 - [TEST_STEP][PASSED] - verifyElementPropertyValue(response, "data.id", "5"): Verify element property value successfully

2023-07-15 12:05:06 - [MESSAGE][PASSED] - Verify element property value successfully

2023-07-15 12:05:06 - [TEST_STEP][PASSED] - verifyElementPropertyValue(response, "data.email", "charles.morris@reqres.in"): Verify element property value successfully

2023-07-15 12:05:06 - [MESSAGE][PASSED] - Verify element property value successfully

2023-07-15 12:05:06 - [TEST_STEP][PASSED] - verifyElementPropertyValue(response, "data.first_name", "Charles"): Verify element property value successfully

2023-07-15 12:05:06 - [MESSAGE][PASSED] - Verify element property value successfully]]></system-out>
         <system-err><![CDATA[]]></system-err>
      </testcase>
      <testcase name="Test Cases/TC03-PUT Update" time="0.937" classname="Test Cases/TC03-PUT Update" status="PASSED">
         <system-out><![CDATA[2023-07-15 12:05:06 - [TEST_CASE][PASSED] - Test Cases/TC03-PUT Update: Test Cases/TC03-PUT Update

2023-07-15 12:05:07 - [TEST_STEP][PASSED] - response = sendRequest(findTestObject("PUT/PUT-Update")): Send request successfully

2023-07-15 12:05:07 - [MESSAGE][INFO] - HAR: C:\Users\USER\git\AssignmentQA-Task1\Reports\20230715_120459\TestSuite-1\20230715_120459\requests\main\2.har

2023-07-15 12:05:07 - [MESSAGE][PASSED] - Send request successfully

2023-07-15 12:05:07 - [TEST_STEP][PASSED] - verifyResponseStatusCode(response, 200): Verify response status code successfully

2023-07-15 12:05:07 - [MESSAGE][PASSED] - Verify response status code successfully]]></system-out>
         <system-err><![CDATA[]]></system-err>
      </testcase>
      <testcase name="Test Cases/TC04-POST Register Successful" time="1.028" classname="Test Cases/TC04-POST Register Successful" status="PASSED">
         <system-out><![CDATA[2023-07-15 12:05:07 - [TEST_CASE][PASSED] - Test Cases/TC04-POST Register Successful: Test Cases/TC04-POST Register Successful

2023-07-15 12:05:08 - [TEST_STEP][PASSED] - response = sendRequest(findTestObject("POST/POS-Register Successful")): Send request successfully

2023-07-15 12:05:08 - [MESSAGE][INFO] - HAR: C:\Users\USER\git\AssignmentQA-Task1\Reports\20230715_120459\TestSuite-1\20230715_120459\requests\main\3.har

2023-07-15 12:05:08 - [MESSAGE][PASSED] - Send request successfully

2023-07-15 12:05:08 - [TEST_STEP][PASSED] - verifyResponseStatusCode(response, 200): Verify response status code successfully

2023-07-15 12:05:08 - [MESSAGE][PASSED] - Verify response status code successfully]]></system-out>
         <system-err><![CDATA[]]></system-err>
      </testcase>
      <system-out><![CDATA[2023-07-15 12:05:02 - [TEST_SUITE][PASSED] - TestSuite-1: Test Cases/TC04-POST Register Successful]]></system-out>
      <system-err><![CDATA[]]></system-err>
   </testsuite>
</testsuites>
